<?xml version="1.0" encoding="UTF-8"?>
<!-- Generated by org.testng.reporters.JUnitXMLReporter -->
<testsuite ignored="0" hostname="DESKTOP-2N6HIKN" failures="0" tests="4" name="Default test" time="14.474" errors="0" timestamp="2022-06-28T03:18:22 BST">
  <testcase classname="testCases.TC4_VerifyFlightsListed" name="selectTravelType" time="0.058"/>
  <testcase classname="testCases.TC4_VerifyFlightsListed" name="userEnterTravelDetails" time="2.402"/>
  <testcase classname="testCases.TC4_VerifyFlightsListed" name="clickFindFlights" time="1.968"/>
  <testcase classname="testCases.TC4_VerifyFlightsListed" name="verifyFlightsListed" time="2.843"/>
</testsuite> <!-- Default test -->
